2015-10-15 02:06:22 Error: [MissingControllerException] Controller class ItemsController could not be found.
Exception Attributes: array (
  'class' => 'ItemsController',
  'plugin' => NULL,
)
Request URL: /Eclipse_Luna/Cake_SL3/items
Stack Trace:
#0 C:\WORKS\WS\Eclipse_Luna\Cake_SL3\app\webroot\index.php(108): Dispatcher->dispatch(Object(CakeRequest), Object(CakeResponse))
#1 {main}
2015-10-15 02:07:27 Error: [MissingControllerException] Controller class KsisController could not be found.
Exception Attributes: array (
  'class' => 'KsisController',
  'plugin' => NULL,
)
Request URL: /Eclipse_Luna/Cake_SL3/ksis
Stack Trace:
#0 C:\WORKS\WS\Eclipse_Luna\Cake_SL3\app\webroot\index.php(108): Dispatcher->dispatch(Object(CakeRequest), Object(CakeResponse))
#1 {main}
2015-10-16 01:05:56 Error: [PDOException] SQLSTATE[HY000] [14] unable to open database file
Request URL: /Eclipse_Luna/Cake_SL3/purhistorys
Stack Trace:
#0 C:\WORKS\WS\Eclipse_Luna\Cake_SL3\app\Controller\PurhistorysController.php(61): PDO->__construct('sqlite:http://b...')
#1 C:\WORKS\WS\Eclipse_Luna\Cake_SL3\app\Controller\PurhistorysController.php(14): PurHistorysController->_index_BuildData_from_SQLite_File()
#2 [internal function]: PurHistorysController->index()
#3 C:\WORKS\WS\Eclipse_Luna\Cake_SL3\lib\Cake\Controller\Controller.php(490): ReflectionMethod->invokeArgs(Object(PurHistorysController), Array)
#4 C:\WORKS\WS\Eclipse_Luna\Cake_SL3\lib\Cake\Routing\Dispatcher.php(191): Controller->invokeAction(Object(CakeRequest))
#5 C:\WORKS\WS\Eclipse_Luna\Cake_SL3\lib\Cake\Routing\Dispatcher.php(165): Dispatcher->_invoke(Object(PurHistorysController), Object(CakeRequest))
#6 C:\WORKS\WS\Eclipse_Luna\Cake_SL3\app\webroot\index.php(108): Dispatcher->dispatch(Object(CakeRequest), Object(CakeResponse))
#7 {main}
2015-10-16 01:09:11 Error: Fatal Error (1): Access to undeclared static property: CONS::$name_Server_Local in [C:\WORKS\WS\Eclipse_Luna\Cake_SL3\app\Controller\PurhistorysController.php, line 61]
2015-10-16 01:09:11 Error: [FatalErrorException] Access to undeclared static property: CONS::$name_Server_Local
Request URL: /Eclipse_Luna/Cake_SL3/purhistorys
Stack Trace:
#0 C:\WORKS\WS\Eclipse_Luna\Cake_SL3\lib\Cake\Error\ErrorHandler.php(203): ErrorHandler::handleFatalError(1, 'Access to undec...', 'C:\\WORKS\\WS\\Ecl...', 61)
#1 [internal function]: ErrorHandler::handleError(1, 'Access to undec...', 'C:\\WORKS\\WS\\Ecl...', 61, Array)
#2 C:\WORKS\WS\Eclipse_Luna\Cake_SL3\lib\Cake\Core\App.php(929): call_user_func('ErrorHandler::h...', 1, 'Access to undec...', 'C:\\WORKS\\WS\\Ecl...', 61, Array)
#3 C:\WORKS\WS\Eclipse_Luna\Cake_SL3\lib\Cake\Core\App.php(902): App::_checkFatalError()
#4 [internal function]: App::shutdown()
#5 {main}
2015-10-16 01:31:05 Error: [MissingControllerException] Controller class PurHistoriesController could not be found.
Exception Attributes: array (
  'class' => 'PurHistoriesController',
  'plugin' => NULL,
)
Request URL: /Eclipse_Luna/Cake_SL3/pur_histories
Stack Trace:
#0 C:\WORKS\WS\Eclipse_Luna\Cake_SL3\app\webroot\index.php(108): Dispatcher->dispatch(Object(CakeRequest), Object(CakeResponse))
#1 {main}
2015-10-16 01:52:24 Error: Fatal Error (1): Call to a member function query() on null in [C:\WORKS\WS\Eclipse_Luna\Cake_SL3\app\Controller\PurhistorysController.php, line 96]
2015-10-16 01:52:24 Error: [FatalErrorException] Call to a member function query() on null
Request URL: /Eclipse_Luna/Cake_SL3/pur_historys
Stack Trace:
#0 C:\WORKS\WS\Eclipse_Luna\Cake_SL3\lib\Cake\Error\ErrorHandler.php(203): ErrorHandler::handleFatalError(1, 'Call to a membe...', 'C:\\WORKS\\WS\\Ecl...', 96)
#1 [internal function]: ErrorHandler::handleError(1, 'Call to a membe...', 'C:\\WORKS\\WS\\Ecl...', 96, Array)
#2 C:\WORKS\WS\Eclipse_Luna\Cake_SL3\lib\Cake\Core\App.php(929): call_user_func('ErrorHandler::h...', 1, 'Call to a membe...', 'C:\\WORKS\\WS\\Ecl...', 96, Array)
#3 C:\WORKS\WS\Eclipse_Luna\Cake_SL3\lib\Cake\Core\App.php(902): App::_checkFatalError()
#4 [internal function]: App::shutdown()
#5 {main}
